<?xml version="1.0" encoding="UTF-8"?>
<!-- Generated by org.testng.reporters.JUnitReportReporter -->
<testsuite skipped="0" hostname="ATLANTISPC-143" name="com.healowhub.tc.SleepTest" tests="4" failures="0" timestamp="07 Jun 2019 09:45:04 GMT" time="0.517" errors="0">
  <testcase name="verifyTitle" time="0.081" classname="com.healowhub.tc.SleepTest"/>
  <testcase name="weekOne" time="0.183" classname="com.healowhub.tc.SleepTest"/>
  <testcase name="weekFour" time="0.124" classname="com.healowhub.tc.SleepTest"/>
  <testcase name="weekTwelve" time="0.129" classname="com.healowhub.tc.SleepTest"/>
</testsuite> <!-- com.healowhub.tc.SleepTest -->
