<?xml version="1.0" encoding="UTF-8"?>
<!-- Generated by org.testng.reporters.JUnitReportReporter -->
<testsuite skipped="0" hostname="ATLANTISPC-143" name="com.healowhub.tc.SleepTest" tests="4" failures="0" timestamp="03 Jun 2019 13:51:16 GMT" time="0.393" errors="0">
  <testcase name="verifyTitle" time="0.039" classname="com.healowhub.tc.SleepTest"/>
  <testcase name="weekOne" time="0.154" classname="com.healowhub.tc.SleepTest"/>
  <testcase name="weekFour" time="0.107" classname="com.healowhub.tc.SleepTest"/>
  <testcase name="weekTwelve" time="0.093" classname="com.healowhub.tc.SleepTest"/>
</testsuite> <!-- com.healowhub.tc.SleepTest -->
