<?xml version="1.0" encoding="UTF-8"?>
<!-- Generated by org.testng.reporters.JUnitReportReporter -->
<testsuite skipped="0" hostname="ATLANTISPC-143" name="com.healowhub.tc.StepsTest" tests="4" failures="0" timestamp="07 Jun 2019 09:45:04 GMT" time="0.447" errors="0">
  <testcase name="verifyTitle" time="0.077" classname="com.healowhub.tc.StepsTest"/>
  <testcase name="weekOne" time="0.131" classname="com.healowhub.tc.StepsTest"/>
  <testcase name="weekFour" time="0.128" classname="com.healowhub.tc.StepsTest"/>
  <testcase name="weekTwelve" time="0.111" classname="com.healowhub.tc.StepsTest"/>
</testsuite> <!-- com.healowhub.tc.StepsTest -->
