<?xml version="1.0" encoding="UTF-8"?>
<!-- Generated by org.testng.reporters.JUnitReportReporter -->
<testsuite skipped="0" hostname="ATLANTISPC-143" name="com.healowhub.tc.BPressureTest" tests="4" failures="0" timestamp="06 Jun 2019 14:40:23 GMT" time="0.354" errors="0">
  <testcase name="verifyTitle" time="0.036" classname="com.healowhub.tc.BPressureTest"/>
  <testcase name="verify1WeekData" time="0.106" classname="com.healowhub.tc.BPressureTest"/>
  <testcase name="verify4WeeksData" time="0.124" classname="com.healowhub.tc.BPressureTest"/>
  <testcase name="verify12WeeksData" time="0.088" classname="com.healowhub.tc.BPressureTest"/>
</testsuite> <!-- com.healowhub.tc.BPressureTest -->
