<?xml version="1.0" encoding="UTF-8"?>
<!-- Generated by org.testng.reporters.JUnitReportReporter -->
<testsuite skipped="0" hostname="ATLANTISPC-143" name="com.healowhub.tc.DistanceTest" tests="4" failures="0" timestamp="03 Jun 2019 13:51:16 GMT" time="0.354" errors="0">
  <testcase name="verifyTitle" time="0.032" classname="com.healowhub.tc.DistanceTest"/>
  <testcase name="weekOne" time="0.133" classname="com.healowhub.tc.DistanceTest"/>
  <testcase name="weekFour" time="0.092" classname="com.healowhub.tc.DistanceTest"/>
  <testcase name="weekTwelve" time="0.097" classname="com.healowhub.tc.DistanceTest"/>
</testsuite> <!-- com.healowhub.tc.DistanceTest -->
