<?xml version="1.0" encoding="UTF-8"?>
<!-- Generated by org.testng.reporters.JUnitReportReporter -->
<testsuite skipped="0" hostname="ATLANTISPC-143" name="com.healowhub.tc.ScrollTest2" tests="1" failures="0" timestamp="21 May 2019 13:50:05 GMT" time="0.006" errors="0">
  <testcase name="scroll" time="0.006" classname="com.healowhub.tc.ScrollTest2"/>
</testsuite> <!-- com.healowhub.tc.ScrollTest2 -->
