<?xml version="1.0" encoding="UTF-8"?>
<!-- Generated by org.testng.reporters.JUnitReportReporter -->
<testsuite skipped="0" hostname="ATLANTISPC-143" name="com.healowhub.tc.BPressureTest" tests="4" failures="0" timestamp="07 Jun 2019 09:45:04 GMT" time="0.679" errors="0">
  <testcase name="verifyTitle" time="0.116" classname="com.healowhub.tc.BPressureTest"/>
  <testcase name="verify1WeekData" time="0.231" classname="com.healowhub.tc.BPressureTest"/>
  <testcase name="verify4WeeksData" time="0.140" classname="com.healowhub.tc.BPressureTest"/>
  <testcase name="verify12WeeksData" time="0.192" classname="com.healowhub.tc.BPressureTest"/>
</testsuite> <!-- com.healowhub.tc.BPressureTest -->
