<?xml version="1.0" encoding="UTF-8"?>
<!-- Generated by org.testng.reporters.JUnitReportReporter -->
<testsuite skipped="0" hostname="ATLANTISPC-143" name="com.healowhub.tc.Scroll4Test" tests="1" failures="0" timestamp="07 Jun 2019 09:45:04 GMT" time="0.012" errors="0">
  <testcase name="scroll" time="0.012" classname="com.healowhub.tc.Scroll4Test"/>
</testsuite> <!-- com.healowhub.tc.Scroll4Test -->
