<?xml version="1.0" encoding="UTF-8"?>
<!-- Generated by org.testng.reporters.JUnitReportReporter -->
<testsuite skipped="0" hostname="ATLANTISPC-143" name="com.healowhub.tc.StepsTest" tests="4" failures="0" timestamp="03 Jun 2019 13:51:16 GMT" time="0.424" errors="0">
  <testcase name="verifyTitle" time="0.051" classname="com.healowhub.tc.StepsTest"/>
  <testcase name="weekOne" time="0.170" classname="com.healowhub.tc.StepsTest"/>
  <testcase name="weekFour" time="0.103" classname="com.healowhub.tc.StepsTest"/>
  <testcase name="weekTwelve" time="0.100" classname="com.healowhub.tc.StepsTest"/>
</testsuite> <!-- com.healowhub.tc.StepsTest -->
