<?xml version="1.0" encoding="UTF-8"?>
<!-- Generated by org.testng.reporters.JUnitReportReporter -->
<testsuite skipped="0" hostname="ATLANTISPC-143" name="com.healowhub.tc.Scroll3Test" tests="1" failures="0" timestamp="03 Jun 2019 13:51:16 GMT" time="0.007" errors="0">
  <testcase name="scroll" time="0.007" classname="com.healowhub.tc.Scroll3Test"/>
</testsuite> <!-- com.healowhub.tc.Scroll3Test -->
