<?xml version="1.0" encoding="UTF-8"?>
<!-- Generated by org.testng.reporters.JUnitReportReporter -->
<testsuite skipped="0" hostname="ATLANTISPC-143" name="com.healowhub.tc.BSugarTest" tests="3" failures="0" timestamp="03 Jun 2019 13:51:16 GMT" time="14.954" errors="0">
  <testcase name="hubScreen" time="14.680" classname="com.healowhub.tc.BSugarTest"/>
  <testcase name="oneWeek" time="0.152" classname="com.healowhub.tc.BSugarTest"/>
  <testcase name="twelveWeek" time="0.122" classname="com.healowhub.tc.BSugarTest"/>
</testsuite> <!-- com.healowhub.tc.BSugarTest -->
