<?xml version="1.0" encoding="UTF-8"?>
<!-- Generated by org.testng.reporters.JUnitReportReporter -->
<testsuite skipped="0" hostname="ATLANTISPC-143" name="com.healowhub.tc.BSugarTest" tests="3" failures="0" timestamp="07 Jun 2019 09:45:04 GMT" time="14.113" errors="0">
  <testcase name="hubScreen" time="13.822" classname="com.healowhub.tc.BSugarTest"/>
  <testcase name="oneWeek" time="0.150" classname="com.healowhub.tc.BSugarTest"/>
  <testcase name="twelveWeek" time="0.141" classname="com.healowhub.tc.BSugarTest"/>
</testsuite> <!-- com.healowhub.tc.BSugarTest -->
