<?xml version="1.0" encoding="UTF-8"?>
<!-- Generated by org.testng.reporters.JUnitReportReporter -->
<testsuite skipped="0" hostname="ATLANTISPC-143" name="com.healowhub.tc.FloorsTest" tests="4" failures="0" timestamp="07 Jun 2019 09:45:04 GMT" time="0.546" errors="0">
  <testcase name="verifyTitle" time="0.057" classname="com.healowhub.tc.FloorsTest"/>
  <testcase name="weekOne" time="0.246" classname="com.healowhub.tc.FloorsTest"/>
  <testcase name="weekFour" time="0.126" classname="com.healowhub.tc.FloorsTest"/>
  <testcase name="weekTwelve" time="0.117" classname="com.healowhub.tc.FloorsTest"/>
</testsuite> <!-- com.healowhub.tc.FloorsTest -->
