<?xml version="1.0" encoding="UTF-8"?>
<!-- Generated by org.testng.reporters.JUnitReportReporter -->
<testsuite skipped="0" hostname="ATLANTISPC-143" name="com.healowhub.tc.BSugarTest" tests="3" failures="0" timestamp="06 Jun 2019 14:40:23 GMT" time="12.348" errors="0">
  <testcase name="hubScreen" time="12.103" classname="com.healowhub.tc.BSugarTest"/>
  <testcase name="oneWeek" time="0.136" classname="com.healowhub.tc.BSugarTest"/>
  <testcase name="twelveWeek" time="0.109" classname="com.healowhub.tc.BSugarTest"/>
</testsuite> <!-- com.healowhub.tc.BSugarTest -->
