<?xml version="1.0" encoding="UTF-8"?>
<!-- Generated by org.testng.reporters.JUnitReportReporter -->
<testsuite skipped="0" hostname="ATLANTISPC-143" name="com.healowhub.tc.CaloriesTest" tests="4" failures="0" timestamp="07 Jun 2019 09:45:04 GMT" time="1.125" errors="0">
  <testcase name="verifyTitle" time="0.484" classname="com.healowhub.tc.CaloriesTest"/>
  <testcase name="weekOne" time="0.170" classname="com.healowhub.tc.CaloriesTest"/>
  <testcase name="weekFour" time="0.200" classname="com.healowhub.tc.CaloriesTest"/>
  <testcase name="weekTwelve" time="0.271" classname="com.healowhub.tc.CaloriesTest"/>
</testsuite> <!-- com.healowhub.tc.CaloriesTest -->
