<?xml version="1.0" encoding="UTF-8"?>
<!-- Generated by org.testng.reporters.JUnitReportReporter -->
<testsuite skipped="0" hostname="ATLANTISPC-143" name="com.healowhub.tc.BMITest" tests="4" failures="0" timestamp="07 Jun 2019 09:45:04 GMT" time="0.619" errors="0">
  <testcase name="verifyTitle" time="0.056" classname="com.healowhub.tc.BMITest"/>
  <testcase name="weekOne" time="0.148" classname="com.healowhub.tc.BMITest"/>
  <testcase name="weekFour" time="0.142" classname="com.healowhub.tc.BMITest"/>
  <testcase name="weekTwelve" time="0.273" classname="com.healowhub.tc.BMITest"/>
</testsuite> <!-- com.healowhub.tc.BMITest -->
