<?xml version="1.0" encoding="UTF-8"?>
<!-- Generated by org.testng.reporters.JUnitReportReporter -->
<testsuite skipped="0" hostname="ATLANTISPC-143" name="com.healowhub.tc.DistanceTest" tests="4" failures="0" timestamp="07 Jun 2019 09:45:04 GMT" time="0.444" errors="0">
  <testcase name="verifyTitle" time="0.078" classname="com.healowhub.tc.DistanceTest"/>
  <testcase name="weekOne" time="0.164" classname="com.healowhub.tc.DistanceTest"/>
  <testcase name="weekFour" time="0.093" classname="com.healowhub.tc.DistanceTest"/>
  <testcase name="weekTwelve" time="0.109" classname="com.healowhub.tc.DistanceTest"/>
</testsuite> <!-- com.healowhub.tc.DistanceTest -->
