<?xml version="1.0" encoding="UTF-8"?>
<!-- Generated by org.testng.reporters.JUnitReportReporter -->
<testsuite skipped="0" hostname="ATLANTISPC-143" name="com.healowhub.tc.BPressureTest" tests="4" failures="0" timestamp="03 Jun 2019 13:51:16 GMT" time="0.384" errors="0">
  <testcase name="verifyTitle" time="0.034" classname="com.healowhub.tc.BPressureTest"/>
  <testcase name="verify1WeekData" time="0.112" classname="com.healowhub.tc.BPressureTest"/>
  <testcase name="verify4WeeksData" time="0.121" classname="com.healowhub.tc.BPressureTest"/>
  <testcase name="verify12WeeksData" time="0.117" classname="com.healowhub.tc.BPressureTest"/>
</testsuite> <!-- com.healowhub.tc.BPressureTest -->
