<?xml version="1.0" encoding="UTF-8"?>
<!-- Generated by org.testng.reporters.JUnitReportReporter -->
<testsuite skipped="0" hostname="ATLANTISPC-143" name="com.healowhub.tc.ScrollTest" tests="1" failures="0" timestamp="07 Jun 2019 09:45:04 GMT" time="0.042" errors="0">
  <testcase name="scroll" time="0.042" classname="com.healowhub.tc.ScrollTest"/>
</testsuite> <!-- com.healowhub.tc.ScrollTest -->
