<?xml version="1.0" encoding="UTF-8"?>
<!-- Generated by org.testng.reporters.JUnitReportReporter -->
<testsuite skipped="0" hostname="ATLANTISPC-143" name="com.healowhub.tc.SleepTest" tests="4" failures="0" timestamp="06 Jun 2019 14:40:23 GMT" time="0.372" errors="0">
  <testcase name="verifyTitle" time="0.034" classname="com.healowhub.tc.SleepTest"/>
  <testcase name="weekOne" time="0.132" classname="com.healowhub.tc.SleepTest"/>
  <testcase name="weekFour" time="0.111" classname="com.healowhub.tc.SleepTest"/>
  <testcase name="weekTwelve" time="0.095" classname="com.healowhub.tc.SleepTest"/>
</testsuite> <!-- com.healowhub.tc.SleepTest -->
