<?xml version="1.0" encoding="UTF-8"?>
<!-- Generated by org.testng.reporters.JUnitReportReporter -->
<testsuite skipped="0" hostname="ATLANTISPC-143" name="com.healowhub.tc.DistanceTest" tests="4" failures="0" timestamp="06 Jun 2019 14:40:23 GMT" time="0.419" errors="0">
  <testcase name="verifyTitle" time="0.036" classname="com.healowhub.tc.DistanceTest"/>
  <testcase name="weekOne" time="0.177" classname="com.healowhub.tc.DistanceTest"/>
  <testcase name="weekFour" time="0.113" classname="com.healowhub.tc.DistanceTest"/>
  <testcase name="weekTwelve" time="0.093" classname="com.healowhub.tc.DistanceTest"/>
</testsuite> <!-- com.healowhub.tc.DistanceTest -->
