<?xml version="1.0" encoding="UTF-8"?>
<!-- Generated by org.testng.reporters.JUnitReportReporter -->
<testsuite skipped="0" hostname="ATLANTISPC-143" name="com.healowhub.tc.BMITest" tests="4" failures="0" timestamp="06 Jun 2019 14:40:23 GMT" time="0.455" errors="0">
  <testcase name="verifyTitle" time="0.067" classname="com.healowhub.tc.BMITest"/>
  <testcase name="weekOne" time="0.188" classname="com.healowhub.tc.BMITest"/>
  <testcase name="weekFour" time="0.104" classname="com.healowhub.tc.BMITest"/>
  <testcase name="weekTwelve" time="0.096" classname="com.healowhub.tc.BMITest"/>
</testsuite> <!-- com.healowhub.tc.BMITest -->
