<?xml version="1.0" encoding="UTF-8"?>
<!-- Generated by org.testng.reporters.JUnitReportReporter -->
<testsuite skipped="0" hostname="ATLANTISPC-143" name="App" tests="1" failures="0" timestamp="15 May 2019 11:42:16 GMT" time="2.036" errors="0">
  <testcase name="t1" time="2.036" classname="App"/>
</testsuite> <!-- App -->
