<?xml version="1.0" encoding="UTF-8"?>
<!-- Generated by org.testng.reporters.JUnitReportReporter -->
<testsuite skipped="0" hostname="ATLANTISPC-143" name="com.healowhub.tc.BPressureTest" tests="4" failures="0" timestamp="06 Jun 2019 11:27:37 GMT" time="0.410" errors="0">
  <testcase name="verifyTitle" time="0.038" classname="com.healowhub.tc.BPressureTest"/>
  <testcase name="verify1WeekData" time="0.156" classname="com.healowhub.tc.BPressureTest"/>
  <testcase name="verify4WeeksData" time="0.108" classname="com.healowhub.tc.BPressureTest"/>
  <testcase name="verify12WeeksData" time="0.108" classname="com.healowhub.tc.BPressureTest"/>
</testsuite> <!-- com.healowhub.tc.BPressureTest -->
