<?xml version="1.0" encoding="UTF-8"?>
<!-- Generated by org.testng.reporters.JUnitReportReporter -->
<testsuite skipped="0" hostname="ATLANTISPC-143" name="com.healowhub.tc.CaloriesTest" tests="4" failures="0" timestamp="06 Jun 2019 11:27:37 GMT" time="0.368" errors="0">
  <testcase name="verifyTitle" time="0.034" classname="com.healowhub.tc.CaloriesTest"/>
  <testcase name="weekOne" time="0.123" classname="com.healowhub.tc.CaloriesTest"/>
  <testcase name="weekFour" time="0.096" classname="com.healowhub.tc.CaloriesTest"/>
  <testcase name="weekTwelve" time="0.115" classname="com.healowhub.tc.CaloriesTest"/>
</testsuite> <!-- com.healowhub.tc.CaloriesTest -->
