<?xml version="1.0" encoding="UTF-8"?>
<!-- Generated by org.testng.reporters.JUnitReportReporter -->
<testsuite skipped="0" hostname="ATLANTISPC-143" name="com.healowhub.tc.BPressureTest" tests="4" failures="0" timestamp="03 Jun 2019 13:38:41 GMT" time="0.397" errors="0">
  <testcase name="verifyTitle" time="0.075" classname="com.healowhub.tc.BPressureTest"/>
  <testcase name="verify1WeekData" time="0.102" classname="com.healowhub.tc.BPressureTest"/>
  <testcase name="verify4WeeksData" time="0.129" classname="com.healowhub.tc.BPressureTest"/>
  <testcase name="verify12WeeksData" time="0.091" classname="com.healowhub.tc.BPressureTest"/>
</testsuite> <!-- com.healowhub.tc.BPressureTest -->
