<?xml version="1.0" encoding="UTF-8"?>
<!-- Generated by org.testng.reporters.JUnitReportReporter -->
<testsuite skipped="0" hostname="ATLANTISPC-143" name="com.healowhub.tc.StepsTest" tests="4" failures="0" timestamp="03 Jun 2019 13:38:41 GMT" time="0.348" errors="0">
  <testcase name="verifyTitle" time="0.035" classname="com.healowhub.tc.StepsTest"/>
  <testcase name="weekOne" time="0.126" classname="com.healowhub.tc.StepsTest"/>
  <testcase name="weekFour" time="0.093" classname="com.healowhub.tc.StepsTest"/>
  <testcase name="weekTwelve" time="0.094" classname="com.healowhub.tc.StepsTest"/>
</testsuite> <!-- com.healowhub.tc.StepsTest -->
