<?xml version="1.0" encoding="UTF-8"?>
<!-- Generated by org.testng.reporters.JUnitReportReporter -->
<testsuite skipped="0" hostname="ATLANTISPC-143" name="com.healowhub.tc.CaloriesTest" tests="4" failures="0" timestamp="03 Jun 2019 13:38:41 GMT" time="0.387" errors="0">
  <testcase name="verifyTitle" time="0.038" classname="com.healowhub.tc.CaloriesTest"/>
  <testcase name="weekOne" time="0.127" classname="com.healowhub.tc.CaloriesTest"/>
  <testcase name="weekFour" time="0.118" classname="com.healowhub.tc.CaloriesTest"/>
  <testcase name="weekTwelve" time="0.104" classname="com.healowhub.tc.CaloriesTest"/>
</testsuite> <!-- com.healowhub.tc.CaloriesTest -->
