<?xml version="1.0" encoding="UTF-8"?>
<!-- Generated by org.testng.reporters.JUnitReportReporter -->
<testsuite skipped="0" hostname="ATLANTISPC-143" name="com.healowhub.tc.DistanceTest" tests="4" failures="0" timestamp="06 Jun 2019 11:27:37 GMT" time="0.407" errors="0">
  <testcase name="verifyTitle" time="0.035" classname="com.healowhub.tc.DistanceTest"/>
  <testcase name="weekOne" time="0.129" classname="com.healowhub.tc.DistanceTest"/>
  <testcase name="weekFour" time="0.089" classname="com.healowhub.tc.DistanceTest"/>
  <testcase name="weekTwelve" time="0.154" classname="com.healowhub.tc.DistanceTest"/>
</testsuite> <!-- com.healowhub.tc.DistanceTest -->
