<?xml version="1.0" encoding="UTF-8"?>
<!-- Generated by org.testng.reporters.JUnitReportReporter -->
<testsuite skipped="0" hostname="ATLANTISPC-143" name="com.healowhub.tc.BSugarTest" tests="3" failures="0" timestamp="03 Jun 2019 13:38:41 GMT" time="20.461" errors="0">
  <testcase name="hubScreen" time="20.199" classname="com.healowhub.tc.BSugarTest"/>
  <testcase name="oneWeek" time="0.152" classname="com.healowhub.tc.BSugarTest"/>
  <testcase name="twelveWeek" time="0.110" classname="com.healowhub.tc.BSugarTest"/>
</testsuite> <!-- com.healowhub.tc.BSugarTest -->
