<?xml version="1.0" encoding="UTF-8"?>
<!-- Generated by org.testng.reporters.JUnitReportReporter -->
<testsuite skipped="0" hostname="ATLANTISPC-143" name="com.healowhub.tc.FloorsTest" tests="4" failures="0" timestamp="06 Jun 2019 11:27:37 GMT" time="0.360" errors="0">
  <testcase name="verifyTitle" time="0.047" classname="com.healowhub.tc.FloorsTest"/>
  <testcase name="weekOne" time="0.124" classname="com.healowhub.tc.FloorsTest"/>
  <testcase name="weekFour" time="0.093" classname="com.healowhub.tc.FloorsTest"/>
  <testcase name="weekTwelve" time="0.096" classname="com.healowhub.tc.FloorsTest"/>
</testsuite> <!-- com.healowhub.tc.FloorsTest -->
