<?xml version="1.0" encoding="UTF-8"?>
<!-- Generated by org.testng.reporters.JUnitReportReporter -->
<testsuite skipped="0" hostname="ATLANTISPC-143" name="com.healowhub.tc.BSugarTest" tests="3" failures="0" timestamp="06 Jun 2019 11:27:37 GMT" time="16.865" errors="0">
  <testcase name="hubScreen" time="16.583" classname="com.healowhub.tc.BSugarTest"/>
  <testcase name="oneWeek" time="0.124" classname="com.healowhub.tc.BSugarTest"/>
  <testcase name="twelveWeek" time="0.158" classname="com.healowhub.tc.BSugarTest"/>
</testsuite> <!-- com.healowhub.tc.BSugarTest -->
