<?xml version="1.0" encoding="UTF-8"?>
<!-- Generated by org.testng.reporters.JUnitReportReporter -->
<testsuite skipped="0" hostname="ATLANTISPC-143" name="com.healowhub.tc.FloorsTest" tests="4" failures="0" timestamp="03 Jun 2019 13:38:41 GMT" time="0.354" errors="0">
  <testcase name="verifyTitle" time="0.035" classname="com.healowhub.tc.FloorsTest"/>
  <testcase name="weekOne" time="0.113" classname="com.healowhub.tc.FloorsTest"/>
  <testcase name="weekFour" time="0.108" classname="com.healowhub.tc.FloorsTest"/>
  <testcase name="weekTwelve" time="0.098" classname="com.healowhub.tc.FloorsTest"/>
</testsuite> <!-- com.healowhub.tc.FloorsTest -->
