<?xml version="1.0" encoding="UTF-8"?>
<!-- Generated by org.testng.reporters.JUnitReportReporter -->
<testsuite skipped="0" hostname="ATLANTISPC-143" name="com.healowhub.tc.SleepTest" tests="4" failures="0" timestamp="03 Jun 2019 13:38:41 GMT" time="0.385" errors="0">
  <testcase name="verifyTitle" time="0.043" classname="com.healowhub.tc.SleepTest"/>
  <testcase name="weekOne" time="0.119" classname="com.healowhub.tc.SleepTest"/>
  <testcase name="weekFour" time="0.122" classname="com.healowhub.tc.SleepTest"/>
  <testcase name="weekTwelve" time="0.101" classname="com.healowhub.tc.SleepTest"/>
</testsuite> <!-- com.healowhub.tc.SleepTest -->
