<?xml version="1.0" encoding="UTF-8"?>
<!-- Generated by org.testng.reporters.JUnitReportReporter -->
<testsuite skipped="0" hostname="ATLANTISPC-143" name="com.healowhub.tc.StepsTest" tests="4" failures="0" timestamp="06 Jun 2019 11:27:37 GMT" time="0.361" errors="0">
  <testcase name="verifyTitle" time="0.042" classname="com.healowhub.tc.StepsTest"/>
  <testcase name="weekOne" time="0.119" classname="com.healowhub.tc.StepsTest"/>
  <testcase name="weekFour" time="0.106" classname="com.healowhub.tc.StepsTest"/>
  <testcase name="weekTwelve" time="0.094" classname="com.healowhub.tc.StepsTest"/>
</testsuite> <!-- com.healowhub.tc.StepsTest -->
